C:\USERS\LAB422\DROPBOX\LASERGAME\FIRST SFML PROGRAM\DEBUG\LASERGAME.PCH
C:\USERS\LAB422\DROPBOX\LASERGAME\FIRST SFML PROGRAM\DEBUG\STDAFX.OBJ
C:\USERS\LAB422\DROPBOX\LASERGAME\FIRST SFML PROGRAM\DEBUG\VC110.PDB
C:\USERS\LAB422\DROPBOX\LASERGAME\FIRST SFML PROGRAM\DEBUG\BATTERY.OBJ
C:\USERS\LAB422\DROPBOX\LASERGAME\FIRST SFML PROGRAM\DEBUG\DIAMOND.OBJ
C:\USERS\LAB422\DROPBOX\LASERGAME\FIRST SFML PROGRAM\DEBUG\LASER.OBJ
C:\USERS\LAB422\DROPBOX\LASERGAME\FIRST SFML PROGRAM\DEBUG\LASERGAME.OBJ
C:\USERS\LAB422\DROPBOX\LASERGAME\FIRST SFML PROGRAM\DEBUG\LASEREMITTER.OBJ
C:\USERS\LAB422\DROPBOX\LASERGAME\FIRST SFML PROGRAM\DEBUG\LEAF.OBJ
C:\USERS\LAB422\DROPBOX\LASERGAME\FIRST SFML PROGRAM\DEBUG\LEVEL.OBJ
C:\USERS\LAB422\DROPBOX\LASERGAME\FIRST SFML PROGRAM\DEBUG\MIRROR.OBJ
C:\USERS\LAB422\DROPBOX\LASERGAME\FIRST SFML PROGRAM\DEBUG\PORTAL.OBJ
C:\USERS\LAB422\DROPBOX\LASERGAME\FIRST SFML PROGRAM\DEBUG\SOUND.OBJ
C:\USERS\LAB422\DROPBOX\LASERGAME\FIRST SFML PROGRAM\DEBUG\TILE.OBJ
C:\USERS\LAB422\DROPBOX\LASERGAME\FIRST SFML PROGRAM\DEBUG\WALL.OBJ
C:\Users\lab422\Dropbox\LaserGame\First SFML Program\Debug\Battery.obj
C:\Users\lab422\Dropbox\LaserGame\First SFML Program\Debug\Diamond.obj
C:\Users\lab422\Dropbox\LaserGame\First SFML Program\Debug\Laser.obj
C:\Users\lab422\Dropbox\LaserGame\First SFML Program\Debug\LaserEmitter.obj
C:\Users\lab422\Dropbox\LaserGame\First SFML Program\Debug\LaserGame.obj
C:\Users\lab422\Dropbox\LaserGame\First SFML Program\Debug\Leaf.obj
C:\Users\lab422\Dropbox\LaserGame\First SFML Program\Debug\Level.obj
C:\Users\lab422\Dropbox\LaserGame\First SFML Program\Debug\Mirror.obj
C:\Users\lab422\Dropbox\LaserGame\First SFML Program\Debug\Portal.obj
C:\Users\lab422\Dropbox\LaserGame\First SFML Program\Debug\Sound.obj
C:\Users\lab422\Dropbox\LaserGame\First SFML Program\Debug\stdafx.obj
C:\Users\lab422\Dropbox\LaserGame\First SFML Program\Debug\Tile.obj
C:\Users\lab422\Dropbox\LaserGame\First SFML Program\Debug\Wall.obj
C:\Users\lab422\Dropbox\LaserGame\First SFML Program\Debug\cl.command.1.tlog
C:\Users\lab422\Dropbox\LaserGame\First SFML Program\Debug\CL.read.1.tlog
C:\Users\lab422\Dropbox\LaserGame\First SFML Program\Debug\CL.write.1.tlog
C:\Users\lab422\Dropbox\LaserGame\First SFML Program\Debug\link-cvtres.read.1.tlog
C:\Users\lab422\Dropbox\LaserGame\First SFML Program\Debug\link-cvtres.write.1.tlog
C:\Users\lab422\Dropbox\LaserGame\First SFML Program\Debug\link-rc.read.1.tlog
C:\Users\lab422\Dropbox\LaserGame\First SFML Program\Debug\link-rc.write.1.tlog
C:\Users\lab422\Dropbox\LaserGame\First SFML Program\Debug\link.command.1.tlog
C:\Users\lab422\Dropbox\LaserGame\First SFML Program\Debug\link.read.1.tlog
C:\Users\lab422\Dropbox\LaserGame\First SFML Program\Debug\link.write.1.tlog
C:\Users\lab422\Dropbox\LaserGame\First SFML Program\Debug\LaserGame.pch
C:\Users\lab422\Dropbox\LaserGame\First SFML Program\Debug\vc110.idb
C:\Users\lab422\Dropbox\LaserGame\First SFML Program\Debug\vc110.pdb
C:\Users\lab422\Dropbox\LaserGame\Debug\LaserGame.pdb
